This file contains any messages produced by compilers while
running configure, to aid debugging if configure makes a mistake.

It was created by tg04 configure 1.0.0, which was
generated by GNU Autoconf 2.68.  Invocation command line was

  $ ./configure 

## --------- ##
## Platform. ##
## --------- ##

hostname = MacBook-Pro.domain
uname -m = x86_64
uname -r = 16.5.0
uname -s = Darwin
uname -v = Darwin Kernel Version 16.5.0: Fri Mar  3 16:45:33 PST 2017; root:xnu-3789.51.2~1/RELEASE_X86_64

/usr/bin/uname -p = i386
/bin/uname -X     = unknown

/bin/arch              = unknown
/usr/bin/arch -k       = unknown
/usr/convex/getsysinfo = unknown
/usr/bin/hostinfo      = Mach kernel version:
	 Darwin Kernel Version 16.5.0: Fri Mar  3 16:45:33 PST 2017; root:xnu-3789.51.2~1/RELEASE_X86_64
Kernel configured for up to 8 processors.
4 processors are physically available.
8 processors are logically available.
Processor type: x86_64h (Intel x86-64h Haswell)
Processors active: 0 1 2 3 4 5 6 7
Primary memory available: 16.00 gigabytes
Default processor set: 378 tasks, 1554 threads, 8 processors
Load average: 1.15, Mach factor: 6.84
/bin/machine           = unknown
/usr/bin/oslevel       = unknown
/bin/universe          = unknown

PATH: .
PATH: /usr/local/bin
PATH: /usr/local/sbin
PATH: /Library/Java/JavaVirtualMachines/jdk1.8.0_111.jdk/Contents/Home/jre/bin
PATH: /usr/local/pear/bin
PATH: /usr/local/Cellar/llvm/3.5.1/bin/
PATH: /Applications/Xcode.app/Contents/Developer/usr/llvm-gcc-4.2/bin
PATH: /Applications/Xcode.app/Contents/Developer/usr/bin/bin
PATH: /usr/bin/bin
PATH: /Developer/usr/bin
PATH: /Developer/usr/sbin
PATH: /usr/local/checker-278/bin
PATH: /bin
PATH: /bin
PATH: .
PATH: /usr/local/cuda/bin
PATH: /usr/local/cudasparse/bin
PATH: /usr/local/julia/bin
PATH: /usr/local/mosek/7/tools/platform/osx64x86/bin
PATH: /Applications/calibre.app/Contents/MacOS/
PATH: /usr/local/texlive/2016/bin/x86_64-darwin
PATH: /usr/local/bin
PATH: /usr/bin
PATH: /bin
PATH: /usr/sbin
PATH: /sbin
PATH: /opt/X11/bin
PATH: /Library/TeX/texbin


## ----------- ##
## Core tests. ##
## ----------- ##

configure:1897: checking for a BSD-compatible install
configure:1965: result: /usr/bin/install -c
configure:1976: checking whether build environment is sane
configure:2026: result: yes
configure:2167: checking for a thread-safe mkdir -p
configure:2206: result: ./install-sh -c -d
configure:2219: checking for gawk
configure:2249: result: no
configure:2219: checking for mawk
configure:2249: result: no
configure:2219: checking for nawk
configure:2249: result: no
configure:2219: checking for awk
configure:2235: found /usr/bin/awk
configure:2246: result: awk
configure:2257: checking whether make sets $(MAKE)
configure:2279: result: yes
configure:2467: checking for Fortran 77 compiler version
configure:2476: /usr/local/bin/gfortran --version >&5
GNU Fortran (Homebrew GCC 6.3.0_1 --without-multilib) 6.3.0
Copyright (C) 2016 Free Software Foundation, Inc.
This is free software; see the source for copying conditions.  There is NO
warranty; not even for MERCHANTABILITY or FITNESS FOR A PARTICULAR PURPOSE.

configure:2487: $? = 0
configure:2476: /usr/local/bin/gfortran -v >&5
Using built-in specs.
COLLECT_GCC=/usr/local/bin/gfortran
COLLECT_LTO_WRAPPER=/usr/local/Cellar/gcc/6.3.0_1/libexec/gcc/x86_64-apple-darwin16.4.0/6.3.0/lto-wrapper
Target: x86_64-apple-darwin16.4.0
Configured with: ../configure --build=x86_64-apple-darwin16.4.0 --prefix=/usr/local/Cellar/gcc/6.3.0_1 --libdir=/usr/local/Cellar/gcc/6.3.0_1/lib/gcc/6 --enable-languages=c,c++,objc,obj-c++,fortran --program-suffix=-6 --with-gmp=/usr/local/opt/gmp --with-mpfr=/usr/local/opt/mpfr --with-mpc=/usr/local/opt/libmpc --with-isl=/usr/local/opt/isl --with-system-zlib --enable-libstdcxx-time=yes --enable-stage1-checking --enable-checking=release --enable-lto --with-build-config=bootstrap-debug --disable-werror --with-pkgversion='Homebrew GCC 6.3.0_1 --without-multilib' --with-bugurl=https://github.com/Homebrew/homebrew-core/issues --enable-plugin --disable-nls --disable-multilib
Thread model: posix
gcc version 6.3.0 (Homebrew GCC 6.3.0_1 --without-multilib) 
configure:2487: $? = 0
configure:2476: /usr/local/bin/gfortran -V >&5
gfortran: error: unrecognized command line option '-V'
gfortran: fatal error: no input files
compilation terminated.
configure:2487: $? = 1
configure:2476: /usr/local/bin/gfortran -qversion >&5
gfortran: error: unrecognized command line option '-qversion'; did you mean '--version'?
gfortran: fatal error: no input files
compilation terminated.
configure:2487: $? = 1
configure:2502: checking whether the Fortran 77 compiler works
configure:2524: /usr/local/bin/gfortran -m64 -g -O3 -Wall -mtune=native -fopenmp -m64 -Wl,-no_compact_unwind conftest.f  >&5
configure:2528: $? = 0
configure:2576: result: yes
configure:2579: checking for Fortran 77 compiler default output file name
configure:2581: result: a.out
configure:2587: checking for suffix of executables
configure:2594: /usr/local/bin/gfortran -o conftest -m64 -g -O3 -Wall -mtune=native -fopenmp -m64 -Wl,-no_compact_unwind conftest.f  >&5
configure:2598: $? = 0
configure:2620: result: 
configure:2636: checking whether we are cross compiling
configure:2644: /usr/local/bin/gfortran -o conftest -m64 -g -O3 -Wall -mtune=native -fopenmp -m64 -Wl,-no_compact_unwind conftest.f  >&5
configure:2648: $? = 0
configure:2655: ./conftest
configure:2659: $? = 0
configure:2674: result: no
configure:2679: checking for suffix of object files
configure:2695: /usr/local/bin/gfortran -c -m64 -g -O3 -Wall -mtune=native -fopenmp conftest.f >&5
configure:2699: $? = 0
configure:2720: result: o
configure:2728: checking whether we are using the GNU Fortran 77 compiler
configure:2741: /usr/local/bin/gfortran -c -m64 -g -O3 -Wall -mtune=native -fopenmp conftest.F >&5
configure:2741: $? = 0
configure:2750: result: yes
configure:2756: checking whether /usr/local/bin/gfortran accepts -g
configure:2767: /usr/local/bin/gfortran -c -g conftest.f >&5
configure:2767: $? = 0
configure:2775: result: yes
configure:2910: checking for Fortran compiler version
configure:2919: /usr/local/bin/gfortran --version >&5
GNU Fortran (Homebrew GCC 6.3.0_1 --without-multilib) 6.3.0
Copyright (C) 2016 Free Software Foundation, Inc.
This is free software; see the source for copying conditions.  There is NO
warranty; not even for MERCHANTABILITY or FITNESS FOR A PARTICULAR PURPOSE.

configure:2930: $? = 0
configure:2919: /usr/local/bin/gfortran -v >&5
Using built-in specs.
COLLECT_GCC=/usr/local/bin/gfortran
COLLECT_LTO_WRAPPER=/usr/local/Cellar/gcc/6.3.0_1/libexec/gcc/x86_64-apple-darwin16.4.0/6.3.0/lto-wrapper
Target: x86_64-apple-darwin16.4.0
Configured with: ../configure --build=x86_64-apple-darwin16.4.0 --prefix=/usr/local/Cellar/gcc/6.3.0_1 --libdir=/usr/local/Cellar/gcc/6.3.0_1/lib/gcc/6 --enable-languages=c,c++,objc,obj-c++,fortran --program-suffix=-6 --with-gmp=/usr/local/opt/gmp --with-mpfr=/usr/local/opt/mpfr --with-mpc=/usr/local/opt/libmpc --with-isl=/usr/local/opt/isl --with-system-zlib --enable-libstdcxx-time=yes --enable-stage1-checking --enable-checking=release --enable-lto --with-build-config=bootstrap-debug --disable-werror --with-pkgversion='Homebrew GCC 6.3.0_1 --without-multilib' --with-bugurl=https://github.com/Homebrew/homebrew-core/issues --enable-plugin --disable-nls --disable-multilib
Thread model: posix
gcc version 6.3.0 (Homebrew GCC 6.3.0_1 --without-multilib) 
configure:2930: $? = 0
configure:2919: /usr/local/bin/gfortran -V >&5
gfortran: error: unrecognized command line option '-V'
gfortran: fatal error: no input files
compilation terminated.
configure:2930: $? = 1
configure:2919: /usr/local/bin/gfortran -qversion >&5
gfortran: error: unrecognized command line option '-qversion'; did you mean '--version'?
gfortran: fatal error: no input files
compilation terminated.
configure:2930: $? = 1
configure:2939: checking whether we are using the GNU Fortran compiler
configure:2952: /usr/local/bin/gfortran -c -m64 -g -O3 -Wall -mtune=native -fopenmp  conftest.F >&5
configure:2952: $? = 0
configure:2961: result: yes
configure:2967: checking whether /usr/local/bin/gfortran accepts -g
configure:2978: /usr/local/bin/gfortran -c -g  conftest.f >&5
configure:2978: $? = 0
configure:2986: result: yes
configure:3058: checking for gcc
configure:3085: result: /usr/bin/clang
configure:3314: checking for C compiler version
configure:3323: /usr/bin/clang --version >&5
Apple LLVM version 8.1.0 (clang-802.0.27.2)
Target: x86_64-apple-darwin16.5.0
Thread model: posix
InstalledDir: /Library/Developer/CommandLineTools/usr/bin
configure:3334: $? = 0
configure:3323: /usr/bin/clang -v >&5
Apple LLVM version 8.1.0 (clang-802.0.27.2)
Target: x86_64-apple-darwin16.5.0
Thread model: posix
InstalledDir: /Library/Developer/CommandLineTools/usr/bin
configure:3334: $? = 0
configure:3323: /usr/bin/clang -V >&5
clang: error: argument to '-V' is missing (expected 1 value)
clang: error: no input files
configure:3334: $? = 1
configure:3323: /usr/bin/clang -qversion >&5
clang: error: unknown argument: '-qversion'
clang: error: no input files
configure:3334: $? = 1
configure:3338: checking whether we are using the GNU C compiler
configure:3357: /usr/bin/clang -c -m64 -g -O3 -Wall -mtune=native -I/usr/local/include conftest.c >&5
configure:3357: $? = 0
configure:3366: result: yes
configure:3375: checking whether /usr/bin/clang accepts -g
configure:3395: /usr/bin/clang -c -g -I/usr/local/include conftest.c >&5
configure:3395: $? = 0
configure:3436: result: yes
configure:3453: checking for /usr/bin/clang option to accept ISO C89
configure:3517: /usr/bin/clang  -c -m64 -g -O3 -Wall -mtune=native -I/usr/local/include conftest.c >&5
configure:3517: $? = 0
configure:3530: result: none needed
configure:3561: checking for style of include used by make
configure:3589: result: GNU
configure:3614: checking dependency style of /usr/bin/clang
configure:3724: result: none
configure:3782: checking for ranlib
configure:3798: found /usr/bin/ranlib
configure:3809: result: ranlib
configure:3838: checking how to get verbose linking output from /usr/local/bin/gfortran
configure:3848: /usr/local/bin/gfortran -c -m64 -g -O3 -Wall -mtune=native -fopenmp  conftest.f >&5
configure:3848: $? = 0
configure:3866: /usr/local/bin/gfortran -o conftest -m64 -g -O3 -Wall -mtune=native -fopenmp -v -m64 -Wl,-no_compact_unwind conftest.f
Using built-in specs.
Target: x86_64-apple-darwin16.4.0
Thread model: posix
gcc version 6.3.0 (Homebrew GCC 6.3.0_1 --without-multilib) 
 /usr/local/Cellar/gcc/6.3.0_1/libexec/gcc/x86_64-apple-darwin16.4.0/6.3.0/f951 conftest.f -ffixed-form --param l1-cache-size=32 --param l1-cache-line-size=64 --param l2-cache-size=6144 -mtune=haswell -fPIC -feliminate-unused-debug-symbols -quiet -dumpbase conftest.f -m64 -mmacosx-version-min=10.9 -auxbase conftest -g -O3 -Wall -version -fopenmp -fintrinsic-modules-path /usr/local/Cellar/gcc/6.3.0_1/lib/gcc/6/gcc/x86_64-apple-darwin16.4.0/6.3.0/finclude -o /var/folders/dp/j2kq_3zn5cb5z5lfmshsszc80000gn/T//cc3mEVB6.s
GNU Fortran (Homebrew GCC 6.3.0_1 --without-multilib) version 6.3.0 (x86_64-apple-darwin16.4.0)
	compiled by GNU C version 6.3.0, GMP version 6.1.2, MPFR version 3.1.5, MPC version 1.0.3, isl version 0.15
GGC heuristics: --param ggc-min-expand=100 --param ggc-min-heapsize=131072
GNU Fortran2008 (Homebrew GCC 6.3.0_1 --without-multilib) version 6.3.0 (x86_64-apple-darwin16.4.0)
	compiled by GNU C version 6.3.0, GMP version 6.1.2, MPFR version 3.1.5, MPC version 1.0.3, isl version 0.15
GGC heuristics: --param ggc-min-expand=100 --param ggc-min-heapsize=131072
 as -arch x86_64 -v -force_cpusubtype_ALL -mmacosx-version-min=10.9 -o /var/folders/dp/j2kq_3zn5cb5z5lfmshsszc80000gn/T//ccEHSPul.o /var/folders/dp/j2kq_3zn5cb5z5lfmshsszc80000gn/T//cc3mEVB6.s
Apple LLVM version 8.1.0 (clang-802.0.27.2)
Target: x86_64-apple-darwin16.5.0
Thread model: posix
InstalledDir: /Library/Developer/CommandLineTools/usr/bin
 "/Library/Developer/CommandLineTools/usr/bin/clang" -cc1as -triple x86_64-apple-macosx10.9.0 -filetype obj -main-file-name cc3mEVB6.s -target-cpu core2 -fdebug-compilation-dir /Users/deleeuw/Desktop/tg04-1.0.0 -dwarf-debug-producer Apple LLVM version 8.1.0 (clang-802.0.27.2) -dwarf-version=2 -mrelocation-model pic -o /var/folders/dp/j2kq_3zn5cb5z5lfmshsszc80000gn/T//ccEHSPul.o /var/folders/dp/j2kq_3zn5cb5z5lfmshsszc80000gn/T//cc3mEVB6.s
Reading specs from /usr/local/Cellar/gcc/6.3.0_1/lib/gcc/6/gcc/x86_64-apple-darwin16.4.0/6.3.0/../../../libgfortran.spec
rename spec lib to liborig
 /usr/local/Cellar/gcc/6.3.0_1/libexec/gcc/x86_64-apple-darwin16.4.0/6.3.0/collect2 -dynamic -arch x86_64 -macosx_version_min 10.9 -weak_reference_mismatches non-weak -o conftest -L/usr/local/Cellar/gcc/6.3.0_1/lib/gcc/6/gcc/x86_64-apple-darwin16.4.0/6.3.0 -L/usr/local/Cellar/gcc/6.3.0_1/lib/gcc/6/gcc/x86_64-apple-darwin16.4.0/6.3.0/../../.. -no_compact_unwind /var/folders/dp/j2kq_3zn5cb5z5lfmshsszc80000gn/T//ccEHSPul.o -lgfortran -lgomp -no_compact_unwind -lSystem -lgcc_ext.10.5 -lgcc -lquadmath -lm -lgcc_ext.10.5 -lgcc -lSystem -v -idsym -dsym
collect2 version 6.3.0
/usr/bin/ld -dynamic -arch x86_64 -macosx_version_min 10.9 -weak_reference_mismatches non-weak -o conftest -L/usr/local/Cellar/gcc/6.3.0_1/lib/gcc/6/gcc/x86_64-apple-darwin16.4.0/6.3.0 -L/usr/local/Cellar/gcc/6.3.0_1/lib/gcc/6/gcc/x86_64-apple-darwin16.4.0/6.3.0/../../.. -no_compact_unwind /var/folders/dp/j2kq_3zn5cb5z5lfmshsszc80000gn/T//ccEHSPul.o -lgfortran -lgomp -no_compact_unwind -lSystem -lgcc_ext.10.5 -lgcc -lquadmath -lm -lgcc_ext.10.5 -lgcc -lSystem -v
@(#)PROGRAM:ld  PROJECT:ld64-278.2
configured to support archs: armv6 armv7 armv7s arm64 i386 x86_64 x86_64h armv6m armv7k armv7m armv7em (tvOS)
Library search paths:
	/usr/local/Cellar/gcc/6.3.0_1/lib/gcc/6/gcc/x86_64-apple-darwin16.4.0/6.3.0
	/usr/local/Cellar/gcc/6.3.0_1/lib/gcc/6
	/usr/lib
	/usr/local/lib
Framework search paths:
	/Library/Frameworks/
	/System/Library/Frameworks/
 /usr/bin/nm -n /var/folders/dp/j2kq_3zn5cb5z5lfmshsszc80000gn/T//ccEHSPul.o
dsymutil conftest
configure:3932: result: -v
configure:3934: checking for Fortran libraries of /usr/local/bin/gfortran
configure:3957: /usr/local/bin/gfortran -o conftest -m64 -g -O3 -Wall -mtune=native -fopenmp -v -m64 -Wl,-no_compact_unwind conftest.f
Using built-in specs.
Target: x86_64-apple-darwin16.4.0
Thread model: posix
gcc version 6.3.0 (Homebrew GCC 6.3.0_1 --without-multilib) 
 /usr/local/Cellar/gcc/6.3.0_1/libexec/gcc/x86_64-apple-darwin16.4.0/6.3.0/f951 conftest.f -ffixed-form --param l1-cache-size=32 --param l1-cache-line-size=64 --param l2-cache-size=6144 -mtune=haswell -fPIC -feliminate-unused-debug-symbols -quiet -dumpbase conftest.f -m64 -mmacosx-version-min=10.9 -auxbase conftest -g -O3 -Wall -version -fopenmp -fintrinsic-modules-path /usr/local/Cellar/gcc/6.3.0_1/lib/gcc/6/gcc/x86_64-apple-darwin16.4.0/6.3.0/finclude -o /var/folders/dp/j2kq_3zn5cb5z5lfmshsszc80000gn/T//cconIRet.s
GNU Fortran (Homebrew GCC 6.3.0_1 --without-multilib) version 6.3.0 (x86_64-apple-darwin16.4.0)
	compiled by GNU C version 6.3.0, GMP version 6.1.2, MPFR version 3.1.5, MPC version 1.0.3, isl version 0.15
GGC heuristics: --param ggc-min-expand=100 --param ggc-min-heapsize=131072
GNU Fortran2008 (Homebrew GCC 6.3.0_1 --without-multilib) version 6.3.0 (x86_64-apple-darwin16.4.0)
	compiled by GNU C version 6.3.0, GMP version 6.1.2, MPFR version 3.1.5, MPC version 1.0.3, isl version 0.15
GGC heuristics: --param ggc-min-expand=100 --param ggc-min-heapsize=131072
 as -arch x86_64 -v -force_cpusubtype_ALL -mmacosx-version-min=10.9 -o /var/folders/dp/j2kq_3zn5cb5z5lfmshsszc80000gn/T//cchDBf0R.o /var/folders/dp/j2kq_3zn5cb5z5lfmshsszc80000gn/T//cconIRet.s
Apple LLVM version 8.1.0 (clang-802.0.27.2)
Target: x86_64-apple-darwin16.5.0
Thread model: posix
InstalledDir: /Library/Developer/CommandLineTools/usr/bin
 "/Library/Developer/CommandLineTools/usr/bin/clang" -cc1as -triple x86_64-apple-macosx10.9.0 -filetype obj -main-file-name cconIRet.s -target-cpu core2 -fdebug-compilation-dir /Users/deleeuw/Desktop/tg04-1.0.0 -dwarf-debug-producer Apple LLVM version 8.1.0 (clang-802.0.27.2) -dwarf-version=2 -mrelocation-model pic -o /var/folders/dp/j2kq_3zn5cb5z5lfmshsszc80000gn/T//cchDBf0R.o /var/folders/dp/j2kq_3zn5cb5z5lfmshsszc80000gn/T//cconIRet.s
Reading specs from /usr/local/Cellar/gcc/6.3.0_1/lib/gcc/6/gcc/x86_64-apple-darwin16.4.0/6.3.0/../../../libgfortran.spec
rename spec lib to liborig
 /usr/local/Cellar/gcc/6.3.0_1/libexec/gcc/x86_64-apple-darwin16.4.0/6.3.0/collect2 -dynamic -arch x86_64 -macosx_version_min 10.9 -weak_reference_mismatches non-weak -o conftest -L/usr/local/Cellar/gcc/6.3.0_1/lib/gcc/6/gcc/x86_64-apple-darwin16.4.0/6.3.0 -L/usr/local/Cellar/gcc/6.3.0_1/lib/gcc/6/gcc/x86_64-apple-darwin16.4.0/6.3.0/../../.. -no_compact_unwind /var/folders/dp/j2kq_3zn5cb5z5lfmshsszc80000gn/T//cchDBf0R.o -lgfortran -lgomp -no_compact_unwind -lSystem -lgcc_ext.10.5 -lgcc -lquadmath -lm -lgcc_ext.10.5 -lgcc -lSystem -v -idsym -dsym
collect2 version 6.3.0
/usr/bin/ld -dynamic -arch x86_64 -macosx_version_min 10.9 -weak_reference_mismatches non-weak -o conftest -L/usr/local/Cellar/gcc/6.3.0_1/lib/gcc/6/gcc/x86_64-apple-darwin16.4.0/6.3.0 -L/usr/local/Cellar/gcc/6.3.0_1/lib/gcc/6/gcc/x86_64-apple-darwin16.4.0/6.3.0/../../.. -no_compact_unwind /var/folders/dp/j2kq_3zn5cb5z5lfmshsszc80000gn/T//cchDBf0R.o -lgfortran -lgomp -no_compact_unwind -lSystem -lgcc_ext.10.5 -lgcc -lquadmath -lm -lgcc_ext.10.5 -lgcc -lSystem -v
@(#)PROGRAM:ld  PROJECT:ld64-278.2
configured to support archs: armv6 armv7 armv7s arm64 i386 x86_64 x86_64h armv6m armv7k armv7m armv7em (tvOS)
Library search paths:
	/usr/local/Cellar/gcc/6.3.0_1/lib/gcc/6/gcc/x86_64-apple-darwin16.4.0/6.3.0
	/usr/local/Cellar/gcc/6.3.0_1/lib/gcc/6
	/usr/lib
	/usr/local/lib
Framework search paths:
	/Library/Frameworks/
	/System/Library/Frameworks/
 /usr/bin/nm -n /var/folders/dp/j2kq_3zn5cb5z5lfmshsszc80000gn/T//cchDBf0R.o
dsymutil conftest
configure:4132: result:  -L/usr/local/Cellar/gcc/6.3.0_1/lib/gcc/6/gcc/x86_64-apple-darwin16.4.0/6.3.0 -L/usr/local/Cellar/gcc/6.3.0_1/lib/gcc/6/gcc/x86_64-apple-darwin16.4.0/6.3.0/../../.. -lgfortran -lgomp -lquadmath -lm
configure:4146: checking fortran 90 modules inclusion flag
configure:4171: /usr/local/bin/gfortran -c -m64 -g -O3 -Wall -mtune=native -fopenmp  conftest.f >&5
conftest.f:1:1:

 module conftest_module
 1
Error: Non-numeric character in statement label at (1)
conftest.f:1:1:

 module conftest_module
 1
Error: Unclassifiable statement at (1)
conftest.f:2:4:

    contains
    1
Error: Non-numeric character in statement label at (1)
conftest.f:2:4:

    contains
    1
Error: Unclassifiable statement at (1)
conftest.f:3:4:

    subroutine conftest_routine
    1
Error: Non-numeric character in statement label at (1)
conftest.f:3:4:

    subroutine conftest_routine
    1
Error: Unclassifiable statement at (1)
conftest.f:4:4:

    write(*,'(a)') 'gotcha!'
    1
Error: Non-numeric character in statement label at (1)
conftest.f:4:4:

    write(*,'(a)') 'gotcha!'
    1
Error: Unclassifiable statement at (1)
conftest.f:5:4:

    end subroutine conftest_routine
    1
Error: Non-numeric character in statement label at (1)
conftest.f:5:4:

    end subroutine conftest_routine
    1
Error: Unclassifiable statement at (1)
conftest.f:6:4:

    end module conftest_module
    1
Error: Non-numeric character in statement label at (1)
conftest.f:6:4:

    end module conftest_module
    1
Error: Unclassifiable statement at (1)
configure:4171: $? = 1
configure: failed program was:
| module conftest_module
|    contains
|    subroutine conftest_routine
|    write(*,'(a)') 'gotcha!'
|    end subroutine conftest_routine
|    end module conftest_module
| 
configure:4188: /usr/local/bin/gfortran -c -m64 -g -O3 -Wall -mtune=native -fopenmp -I tmpdir_0  conftest.f >&5
conftest.f:1:1:

 program conftest_program
 1
Error: Non-numeric character in statement label at (1)
conftest.f:1:1:

 program conftest_program
 1
Error: Unclassifiable statement at (1)
conftest.f:2:10:

        use conftest_module
          1
Fatal Error: Can't open module file 'conftest_module.mod' for reading at (1): No such file or directory
compilation terminated.
configure:4188: $? = 1
configure: failed program was:
| program conftest_program
|        use conftest_module
|        call conftest_routine
|        end program conftest_program
| 
configure:4188: /usr/local/bin/gfortran -c -m64 -g -O3 -Wall -mtune=native -fopenmp -Mtmpdir_0  conftest.f >&5
gfortran: error: unrecognized command line option '-Mtmpdir_0'; did you mean '-dumpdir'?
configure:4188: $? = 1
configure: failed program was:
| program conftest_program
|        use conftest_module
|        call conftest_routine
|        end program conftest_program
| 
configure:4188: /usr/local/bin/gfortran -c -m64 -g -O3 -Wall -mtune=native -fopenmp -ptmpdir_0  conftest.f >&5
gfortran: error: unrecognized command line option '-ptmpdir_0'; did you mean '-dumpdir'?
configure:4188: $? = 1
configure: failed program was:
| program conftest_program
|        use conftest_module
|        call conftest_routine
|        end program conftest_program
| 
configure:4207: result: not found
configure:4381: creating ./config.status

## ---------------------- ##
## Running config.status. ##
## ---------------------- ##

This file was extended by tg04 config.status 1.0.0, which was
generated by GNU Autoconf 2.68.  Invocation command line was

  CONFIG_FILES    = 
  CONFIG_HEADERS  = 
  CONFIG_LINKS    = 
  CONFIG_COMMANDS = 
  $ ./config.status 

on MacBook-Pro.domain

config.status:790: creating Makefile
config.status:790: creating src/Makefile
config.status:790: creating example/Makefile
config.status:962: executing depfiles commands

## ---------------- ##
## Cache variables. ##
## ---------------- ##

ac_cv_c_compiler_gnu=yes
ac_cv_env_CC_set=set
ac_cv_env_CC_value=/usr/bin/clang
ac_cv_env_CFLAGS_set=set
ac_cv_env_CFLAGS_value='-m64 -g -O3 -Wall -mtune=native'
ac_cv_env_CPPFLAGS_set=set
ac_cv_env_CPPFLAGS_value=-I/usr/local/include
ac_cv_env_F77_set=set
ac_cv_env_F77_value=/usr/local/bin/gfortran
ac_cv_env_FCFLAGS_set=set
ac_cv_env_FCFLAGS_value='-m64 -g -O3 -Wall -mtune=native -fopenmp'
ac_cv_env_FC_set=set
ac_cv_env_FC_value=/usr/local/bin/gfortran
ac_cv_env_FFLAGS_set=set
ac_cv_env_FFLAGS_value='-m64 -g -O3 -Wall -mtune=native -fopenmp'
ac_cv_env_LDFLAGS_set=set
ac_cv_env_LDFLAGS_value='-m64 -Wl,-no_compact_unwind'
ac_cv_env_LIBS_set=
ac_cv_env_LIBS_value=
ac_cv_env_build_alias_set=
ac_cv_env_build_alias_value=
ac_cv_env_host_alias_set=
ac_cv_env_host_alias_value=
ac_cv_env_target_alias_set=
ac_cv_env_target_alias_value=
ac_cv_f77_compiler_gnu=yes
ac_cv_fc_compiler_gnu=yes
ac_cv_fc_libs=' -L/usr/local/Cellar/gcc/6.3.0_1/lib/gcc/6/gcc/x86_64-apple-darwin16.4.0/6.3.0 -L/usr/local/Cellar/gcc/6.3.0_1/lib/gcc/6/gcc/x86_64-apple-darwin16.4.0/6.3.0/../../.. -lgfortran -lgomp -lquadmath -lm'
ac_cv_objext=o
ac_cv_path_install='/usr/bin/install -c'
ac_cv_prog_AWK=awk
ac_cv_prog_ac_ct_CC=/usr/bin/clang
ac_cv_prog_ac_ct_RANLIB=ranlib
ac_cv_prog_cc_c89=
ac_cv_prog_cc_g=yes
ac_cv_prog_f77_g=yes
ac_cv_prog_fc_g=yes
ac_cv_prog_fc_v=-v
ac_cv_prog_make_make_set=yes
am_cv_CC_dependencies_compiler_type=none
ax_cv_f90_modflag='not found'

## ----------------- ##
## Output variables. ##
## ----------------- ##

ACLOCAL='${SHELL} /Users/deleeuw/Desktop/tg04-1.0.0/missing --run aclocal-1.11'
AMDEPBACKSLASH='\'
AMDEP_FALSE='#'
AMDEP_TRUE=''
AMTAR='${SHELL} /Users/deleeuw/Desktop/tg04-1.0.0/missing --run tar'
AUTOCONF='${SHELL} /Users/deleeuw/Desktop/tg04-1.0.0/missing --run autoconf'
AUTOHEADER='${SHELL} /Users/deleeuw/Desktop/tg04-1.0.0/missing --run autoheader'
AUTOMAKE='${SHELL} /Users/deleeuw/Desktop/tg04-1.0.0/missing --run automake-1.11'
AWK='awk'
CC='/usr/bin/clang'
CCDEPMODE='depmode=none'
CFLAGS='-m64 -g -O3 -Wall -mtune=native'
CPPFLAGS='-I/usr/local/include'
CYGPATH_W='echo'
DEFS='-DPACKAGE_NAME=\"tg04\" -DPACKAGE_TARNAME=\"tg04\" -DPACKAGE_VERSION=\"1.0.0\" -DPACKAGE_STRING=\"tg04\ 1.0.0\" -DPACKAGE_BUGREPORT=\"hsl@stfc.ac.uk\" -DPACKAGE_URL=\"\" -DPACKAGE=\"tg04\" -DVERSION=\"1.0.0\"'
DEPDIR='.deps'
ECHO_C='\c'
ECHO_N=''
ECHO_T=''
EXEEXT=''
F77='/usr/local/bin/gfortran'
FC='/usr/local/bin/gfortran'
FCFLAGS='-m64 -g -O3 -Wall -mtune=native -fopenmp'
FCLIBS=' -L/usr/local/Cellar/gcc/6.3.0_1/lib/gcc/6/gcc/x86_64-apple-darwin16.4.0/6.3.0 -L/usr/local/Cellar/gcc/6.3.0_1/lib/gcc/6/gcc/x86_64-apple-darwin16.4.0/6.3.0/../../.. -lgfortran -lgomp -lquadmath -lm'
FFLAGS='-m64 -g -O3 -Wall -mtune=native -fopenmp'
INSTALL_DATA='${INSTALL} -m 644'
INSTALL_PROGRAM='${INSTALL}'
INSTALL_SCRIPT='${INSTALL}'
INSTALL_STRIP_PROGRAM='$(install_sh) -c -s'
LDFLAGS='-m64 -Wl,-no_compact_unwind'
LIBOBJS=''
LIBS=''
LTLIBOBJS=''
MAKEINFO='${SHELL} /Users/deleeuw/Desktop/tg04-1.0.0/missing --run makeinfo'
MKDIR_P='./install-sh -c -d'
OBJEXT='o'
PACKAGE='tg04'
PACKAGE_BUGREPORT='hsl@stfc.ac.uk'
PACKAGE_NAME='tg04'
PACKAGE_STRING='tg04 1.0.0'
PACKAGE_TARNAME='tg04'
PACKAGE_URL=''
PACKAGE_VERSION='1.0.0'
PATH_SEPARATOR=':'
RANLIB='ranlib'
SET_MAKE=''
SHELL='/bin/sh'
STRIP=''
VERSION='1.0.0'
ac_ct_CC='/usr/bin/clang'
ac_ct_F77=''
ac_ct_FC=''
am__EXEEXT_FALSE=''
am__EXEEXT_TRUE='#'
am__fastdepCC_FALSE=''
am__fastdepCC_TRUE='#'
am__include='include'
am__isrc=''
am__leading_dot='.'
am__quote=''
am__tar='${AMTAR} chof - "$$tardir"'
am__untar='${AMTAR} xf -'
bindir='${exec_prefix}/bin'
build_alias=''
datadir='${datarootdir}'
datarootdir='${prefix}/share'
docdir='${datarootdir}/doc/${PACKAGE_TARNAME}'
dvidir='${docdir}'
exec_prefix='${prefix}'
host_alias=''
htmldir='${docdir}'
includedir='${prefix}/include'
infodir='${datarootdir}/info'
install_sh='${SHELL} /Users/deleeuw/Desktop/tg04-1.0.0/install-sh'
libdir='${exec_prefix}/lib'
libexecdir='${exec_prefix}/libexec'
localedir='${datarootdir}/locale'
localstatedir='${prefix}/var'
mandir='${datarootdir}/man'
mkdir_p='$(top_builddir)/./install-sh -c -d'
oldincludedir='/usr/include'
pdfdir='${docdir}'
prefix='/usr/local'
program_transform_name='s,x,x,'
psdir='${docdir}'
sbindir='${exec_prefix}/sbin'
sharedstatedir='${prefix}/com'
sysconfdir='${prefix}/etc'
target_alias=''

## ----------- ##
## confdefs.h. ##
## ----------- ##

/* confdefs.h */
#define PACKAGE_NAME "tg04"
#define PACKAGE_TARNAME "tg04"
#define PACKAGE_VERSION "1.0.0"
#define PACKAGE_STRING "tg04 1.0.0"
#define PACKAGE_BUGREPORT "hsl@stfc.ac.uk"
#define PACKAGE_URL ""
#define PACKAGE "tg04"
#define VERSION "1.0.0"

configure: exit 0
